<?xml version="1.0" encoding="UTF-8"?>
<!-- Generated by org.testng.reporters.JUnitXMLReporter -->
<testsuite ignored="0" hostname="LAPTOP-5CK4J9DQ" failures="1" tests="5" name="Registration Test" time="44.982" errors="0" timestamp="2023-11-24T00:49:35 EST">
  <testcase classname="com.phonelcdparts.registrationTest.RegistrationTest" name="aloRegistrationTest" time="4.241"/>
  <testcase classname="com.phonelcdparts.registrationTest.RegistrationTest" name="sokalRegistrationTest" time="2.932">
    <failure type="java.lang.AssertionError" message="expected [Create New Customer Account] but found [hello]">
      <![CDATA[java.lang.AssertionError: expected [Create New Customer Account] but found [hello]
at com.phonelcdparts.registrationTest.RegistrationTest.sokalRegistrationTest(RegistrationTest.java:53)
at java.base/java.util.ArrayList.forEach(ArrayList.java:1511)
... Removed 31 stack frames]]>
    </failure>
  </testcase> <!-- sokalRegistrationTest -->
  <testcase classname="com.phonelcdparts.registrationTest.RegistrationTest" name="testSkiped" time="0.002">
    <skipped/>
  </testcase> <!-- testSkiped -->
  <testcase classname="com.phonelcdparts.registrationTest.RegistrationTest2" name="dupurRegistrationTest" time="3.015"/>
  <testcase classname="com.phonelcdparts.registrationTest.RegistrationTest2" name="bikelRegistrationTest" time="3.164"/>
</testsuite> <!-- Registration Test -->
