<?xml version="1.0" encoding="UTF-8"?>
<!-- Generated by org.testng.reporters.JUnitXMLReporter -->
<testsuite ignored="0" hostname="LAPTOP-5CK4J9DQ" failures="0" tests="4" name="Test" time="35.956" errors="0" timestamp="2023-11-19T21:52:12 EST">
  <testcase classname="com.phonelcdparts.registrationTest.RegistrationTest" name="aloRegistrationTest" time="5.0"/>
  <testcase classname="com.phonelcdparts.registrationTest.RegistrationTest" name="sokalRegistrationTest" time="3.162"/>
  <testcase classname="com.phonelcdparts.registrationTest.RegistrationTest2" name="dupurRegistrationTest" time="2.946"/>
  <testcase classname="com.phonelcdparts.registrationTest.RegistrationTest2" name="bikelRegistrationTest" time="4.382"/>
</testsuite> <!-- Test -->
