<?xml version="1.0" encoding="UTF-8"?>
<!-- Generated by org.testng.reporters.JUnitXMLReporter -->
<testsuite ignored="1" hostname="LAPTOP-5CK4J9DQ" failures="0" tests="1" name="Login Test" time="8.696" errors="0" timestamp="2023-11-26T00:09:28 EST">
  <testcase classname="com.phonelcdparts.loginTest.LoginTest" name="loginTest" time="4.055"/>
  <testcase classname="com.phonelcdparts.loginTest.LoginTest" name="loginTest2" time="0.0">
    <ignored/>
  </testcase> <!-- loginTest2 -->
</testsuite> <!-- Login Test -->
