<?xml version="1.0" encoding="UTF-8"?>
<!-- Generated by org.testng.reporters.JUnitXMLReporter -->
<testsuite ignored="2" hostname="LAPTOP-5CK4J9DQ" failures="0" tests="1" name="Registration Test" time="7.913" errors="0" timestamp="2023-11-26T00:09:36 EST">
  <testcase classname="com.phonelcdparts.registrationTest.RegistrationTest" name="aloRegistrationTest" time="2.978"/>
  <testcase classname="com.phonelcdparts.registrationTest.RegistrationTest" name="sokalRegistrationTest" time="0.0">
    <ignored/>
  </testcase> <!-- sokalRegistrationTest -->
  <testcase classname="com.phonelcdparts.registrationTest.RegistrationTest" name="testSkiped" time="0.0">
    <ignored/>
  </testcase> <!-- testSkiped -->
</testsuite> <!-- Registration Test -->
