<?xml version="1.0" encoding="UTF-8"?>
<!-- Generated by org.testng.reporters.JUnitXMLReporter -->
<testsuite ignored="1" hostname="LAPTOP-5CK4J9DQ" failures="0" tests="1" name="Smoke Test" time="8.23" errors="0" timestamp="2023-11-19T23:33:40 EST">
  <testcase classname="com.phonelcdparts.loginTest.LoginTest" name="loginTest" time="3.866"/>
  <testcase classname="com.phonelcdparts.loginTest.LoginTest" name="loginTest2" time="0.0">
    <ignored/>
  </testcase> <!-- loginTest2 -->
</testsuite> <!-- Smoke Test -->
