<?xml version="1.0" encoding="UTF-8"?>
<!-- Generated by org.testng.reporters.JUnitXMLReporter -->
<testsuite ignored="0" hostname="LAPTOP-5CK4J9DQ" failures="1" tests="3" name="Login Test" time="27.036" errors="0" timestamp="2023-11-26T00:08:15 EST">
  <testcase classname="com.phonelcdparts.loginTest.LoginTest" name="loginTest" time="4.092"/>
  <testcase classname="com.phonelcdparts.loginTest.LoginTest2" name="loginTest" time="3.579"/>
  <testcase classname="com.phonelcdparts.loginTest.LoginTest" name="loginTest2" time="3.384">
    <failure type="java.lang.AssertionError" message="expected [Customer Login] but found [hello]">
      <![CDATA[java.lang.AssertionError: expected [Customer Login] but found [hello]
at com.phonelcdparts.loginTest.LoginTest.loginTest2(LoginTest.java:62)
at java.base/java.util.ArrayList.forEach(ArrayList.java:1511)
... Removed 31 stack frames]]>
    </failure>
  </testcase> <!-- loginTest2 -->
</testsuite> <!-- Login Test -->
